0 info it worked if it ends with ok
1 verbose cli [ '/home/gherardo/.nvm/versions/node/v7.0.0/bin/node',
1 verbose cli   '/home/gherardo/.nvm/versions/node/v7.0.0/bin/npm',
1 verbose cli   'run',
1 verbose cli   'dist' ]
2 info using npm@3.10.8
3 info using node@v7.0.0
4 verbose run-script [ 'predist', 'dist', 'postdist' ]
5 info lifecycle @~predist: @
6 silly lifecycle @~predist: no script for predist, continuing
7 info lifecycle @~dist: @
8 verbose lifecycle @~dist: unsafe-perm in lifecycle true
9 verbose lifecycle @~dist: PATH: /home/gherardo/.nvm/versions/node/v7.0.0/lib/node_modules/npm/bin/node-gyp-bin:/home/gherardo/ownCloud/Work/Atlas/node_modules/.bin:/home/gherardo/.nvm/versions/node/v7.0.0/bin:/home/gherardo/bin:/home/gherardo/.local/bin:/usr/local/sbin:/usr/local/bin:/usr/sbin:/usr/bin:/sbin:/bin:/usr/games:/usr/local/games:/snap/bin
10 verbose lifecycle @~dist: CWD: /home/gherardo/ownCloud/Work/Atlas
11 silly lifecycle @~dist: Args: [ '-c', 'build  -lw --x64 --ia32' ]
12 silly lifecycle @~dist: Returned: code: 255  signal: null
13 info lifecycle @~dist: Failed to exec dist script
14 verbose stack Error: @ dist: `build  -lw --x64 --ia32`
14 verbose stack Exit status 255
14 verbose stack     at EventEmitter.<anonymous> (/home/gherardo/.nvm/versions/node/v7.0.0/lib/node_modules/npm/lib/utils/lifecycle.js:255:16)
14 verbose stack     at emitTwo (events.js:106:13)
14 verbose stack     at EventEmitter.emit (events.js:191:7)
14 verbose stack     at ChildProcess.<anonymous> (/home/gherardo/.nvm/versions/node/v7.0.0/lib/node_modules/npm/lib/utils/spawn.js:40:14)
14 verbose stack     at emitTwo (events.js:106:13)
14 verbose stack     at ChildProcess.emit (events.js:191:7)
14 verbose stack     at maybeClose (internal/child_process.js:877:16)
14 verbose stack     at Process.ChildProcess._handle.onexit (internal/child_process.js:226:5)
15 verbose pkgid @
16 verbose cwd /home/gherardo/ownCloud/Work/Atlas
17 error Linux 4.4.0-53-generic
18 error argv "/home/gherardo/.nvm/versions/node/v7.0.0/bin/node" "/home/gherardo/.nvm/versions/node/v7.0.0/bin/npm" "run" "dist"
19 error node v7.0.0
20 error npm  v3.10.8
21 error code ELIFECYCLE
22 error @ dist: `build  -lw --x64 --ia32`
22 error Exit status 255
23 error Failed at the @ dist script 'build  -lw --x64 --ia32'.
23 error Make sure you have the latest version of node.js and npm installed.
23 error If you do, this is most likely a problem with the  package,
23 error not with npm itself.
23 error Tell the author that this fails on your system:
23 error     build  -lw --x64 --ia32
23 error You can get information on how to open an issue for this project with:
23 error     npm bugs
23 error Or if that isn't available, you can get their info via:
23 error     npm owner ls
23 error There is likely additional logging output above.
24 verbose exit [ 1, true ]
